[36m--[0m Using CATKIN_DEVEL_PREFIX: /home/avitra/fyp_ws/devel/.private/mobile_manipulator_ikfast_arm_plugin
[36m--[0m Using CMAKE_PREFIX_PATH: /home/avitra/fyp_ws/devel;/opt/ros/kinetic
[36m--[0m This workspace overlays: /home/avitra/fyp_ws/devel;/opt/ros/kinetic
[36m--[0m Using PYTHON_EXECUTABLE: /usr/bin/python
[36m--[0m Using Debian Python package layout
[36m--[0m Using empy: /usr/bin/empy
[36m--[0m Using CATKIN_ENABLE_TESTING: ON
[36m--[0m Call enable_testing()
[36m--[0m Using CATKIN_TEST_RESULTS_DIR: /home/avitra/fyp_ws/build/mobile_manipulator_ikfast_arm_plugin/test_results
[36m--[0m Found gmock sources under '/usr/src/gmock': gmock will be built
[36m--[0m Found gtest sources under '/usr/src/gmock': gtests will be built
[36m--[0m Using Python nosetests: /usr/bin/nosetests-2.7
[36m--[0m catkin 0.7.14
[36m--[0m Using these message generators: gencpp;geneus;genlisp;gennodejs;genpy
[36m--[0m Looking for sgemm_
[36m--[0m Looking for sgemm_ - found
[36m--[0m A library with BLAS API found.
[36m--[0m Looking for cheev_
[36m--[0m Looking for cheev_ - found
[36m--[0m A library with LAPACK API found.
[36m--[0m Configuring done
[36m--[0m Generating done
[36m--[0m Build files have been written to: /home/avitra/fyp_ws/build/mobile_manipulator_ikfast_arm_plugin
